<?xml version="1.0" encoding="UTF-8"?>
<!-- Generated by org.testng.reporters.JUnitXMLReporter -->
<testsuite hostname="DESKTOP-UHPGN6M" ignored="0" name="Chrome" tests="6" failures="0" timestamp="2020-01-08T22:07:07 EST" time="110.13" errors="0">
  <testcase name="VLogo" time="20.096" classname="TestCasesTest.VerifyLogo"/>
  <testcase name="VLogo" time="20.053" classname="TestCasesTest.VerifyLogo"/>
  <testcase name="VerifyPT" time="10.018" classname="TestCasesTest.VerifyPageTitle"/>
  <testcase name="VerifyPT" time="10.021" classname="TestCasesTest.VerifyPageTitle"/>
  <testcase name="SearchTest" time="18.937" classname="TestCasesTest.VerifySearch"/>
  <testcase name="SearchTest" time="18.973" classname="TestCasesTest.VerifySearch"/>
</testsuite> <!-- Chrome -->
